<?xml version="1.0" ?> 
<?xml-stylesheet type="text/xsl" href="CUnit-Run.xsl" ?> 
<!DOCTYPE CUNIT_TEST_RUN_REPORT SYSTEM "CUnit-Run.dtd"> 
<CUNIT_TEST_RUN_REPORT> 
  <CUNIT_HEADER/> 
  <CUNIT_RESULT_LISTING> 
    <CUNIT_RUN_SUITE> 
      <CUNIT_RUN_SUITE_SUCCESS> 
        <SUITE_NAME> CIRCULAR BUFFER TEST </SUITE_NAME> 
        <CUNIT_RUN_TEST_RECORD> 
          <CUNIT_RUN_TEST_SUCCESS> 
            <TEST_NAME> Buffer Initialization Test </TEST_NAME> 
          </CUNIT_RUN_TEST_SUCCESS> 
        </CUNIT_RUN_TEST_RECORD> 
        <CUNIT_RUN_TEST_RECORD> 
          <CUNIT_RUN_TEST_SUCCESS> 
            <TEST_NAME> Buffer Reset Test </TEST_NAME> 
          </CUNIT_RUN_TEST_SUCCESS> 
        </CUNIT_RUN_TEST_RECORD> 
        <CUNIT_RUN_TEST_RECORD> 
          <CUNIT_RUN_TEST_SUCCESS> 
            <TEST_NAME> Buffer Push Test </TEST_NAME> 
          </CUNIT_RUN_TEST_SUCCESS> 
        </CUNIT_RUN_TEST_RECORD> 
        <CUNIT_RUN_TEST_RECORD> 
          <CUNIT_RUN_TEST_SUCCESS> 
            <TEST_NAME> Buffer Pop Test </TEST_NAME> 
          </CUNIT_RUN_TEST_SUCCESS> 
        </CUNIT_RUN_TEST_RECORD> 
        <CUNIT_RUN_TEST_RECORD> 
          <CUNIT_RUN_TEST_SUCCESS> 
            <TEST_NAME> Buffer Free Test </TEST_NAME> 
          </CUNIT_RUN_TEST_SUCCESS> 
        </CUNIT_RUN_TEST_RECORD> 
      </CUNIT_RUN_SUITE_SUCCESS> 
    </CUNIT_RUN_SUITE> 
  </CUNIT_RESULT_LISTING>
  <CUNIT_RUN_SUMMARY> 
    <CUNIT_RUN_SUMMARY_RECORD> 
      <TYPE> Suites </TYPE> 
      <TOTAL> 1 </TOTAL> 
      <RUN> 1 </RUN> 
      <SUCCEEDED> - NA - </SUCCEEDED> 
      <FAILED> 0 </FAILED> 
      <INACTIVE> 0 </INACTIVE> 
    </CUNIT_RUN_SUMMARY_RECORD> 
    <CUNIT_RUN_SUMMARY_RECORD> 
      <TYPE> Test Cases </TYPE> 
      <TOTAL> 5 </TOTAL> 
      <RUN> 5 </RUN> 
      <SUCCEEDED> 5 </SUCCEEDED> 
      <FAILED> 0 </FAILED> 
      <INACTIVE> 0 </INACTIVE> 
    </CUNIT_RUN_SUMMARY_RECORD> 
    <CUNIT_RUN_SUMMARY_RECORD> 
      <TYPE> Assertions </TYPE> 
      <TOTAL> 17 </TOTAL> 
      <RUN> 17 </RUN> 
      <SUCCEEDED> 17 </SUCCEEDED> 
      <FAILED> 0 </FAILED> 
      <INACTIVE> n/a </INACTIVE> 
    </CUNIT_RUN_SUMMARY_RECORD> 
  </CUNIT_RUN_SUMMARY> 
  <CUNIT_FOOTER> File Generated By CUnit v2.1-3 - Sun Nov 25 19:00:48 2018
 </CUNIT_FOOTER> 
</CUNIT_TEST_RUN_REPORT>